current directory: /Users/ryoma/Desktop/rails_tutorial/ventor/bundle/ruby/3.3.0/gems/rbs-3.7.0/ext/rbs_extension
/Users/ryoma/.rbenv/versions/3.3.6/bin/ruby extconf.rb
checking for whether -std=gnu99 is accepted as CFLAGS... yes
creating Makefile

current directory: /Users/ryoma/Desktop/rails_tutorial/ventor/bundle/ruby/3.3.0/gems/rbs-3.7.0/ext/rbs_extension
make DESTDIR\= sitearchdir\=./.gem.20241216-23771-jqdn1j sitelibdir\=./.gem.20241216-23771-jqdn1j clean

current directory: /Users/ryoma/Desktop/rails_tutorial/ventor/bundle/ruby/3.3.0/gems/rbs-3.7.0/ext/rbs_extension
make DESTDIR\= sitearchdir\=./.gem.20241216-23771-jqdn1j sitelibdir\=./.gem.20241216-23771-jqdn1j
compiling ./../../src/constants.c
compiling ./../../src/ruby_objs.c
compiling lexer.c
compiling lexstate.c
compiling location.c
compiling main.c
compiling parser.c
compiling parserstate.c
compiling unescape.c
linking shared-object rbs_extension.bundle

current directory: /Users/ryoma/Desktop/rails_tutorial/ventor/bundle/ruby/3.3.0/gems/rbs-3.7.0/ext/rbs_extension
make DESTDIR\= sitearchdir\=./.gem.20241216-23771-jqdn1j sitelibdir\=./.gem.20241216-23771-jqdn1j install
/usr/bin/install -c -m 0755 rbs_extension.bundle ./.gem.20241216-23771-jqdn1j

current directory: /Users/ryoma/Desktop/rails_tutorial/ventor/bundle/ruby/3.3.0/gems/rbs-3.7.0/ext/rbs_extension
make DESTDIR\= sitearchdir\=./.gem.20241216-23771-jqdn1j sitelibdir\=./.gem.20241216-23771-jqdn1j clean
