current directory: /Users/ryoma/Desktop/rails_tutorial/ventor/bundle/ruby/3.3.0/gems/io-console-0.8.0/ext/io/console
/Users/ryoma/.rbenv/versions/3.3.6/bin/ruby extconf.rb
checking for rb_syserr_fail_str(0, Qnil)... yes
checking for rb_interned_str_cstr()... yes
checking for rb_io_path()... yes
checking for rb_io_descriptor()... yes
checking for rb_io_get_write_io()... yes
checking for rb_io_closed_p()... yes
checking for rb_io_open_descriptor()... yes
checking for rb_ractor_local_storage_value_newkey()... yes
checking for termios.h... yes
checking for cfmakeraw() in termios.h... yes
checking for sys/ioctl.h... yes
checking for HAVE_RUBY_FIBER_SCHEDULER_H... yes
checking for ttyname_r()... yes
creating Makefile

current directory: /Users/ryoma/Desktop/rails_tutorial/ventor/bundle/ruby/3.3.0/gems/io-console-0.8.0/ext/io/console
make DESTDIR\= sitearchdir\=./.gem.20241216-5628-vek51e sitelibdir\=./.gem.20241216-5628-vek51e clean

current directory: /Users/ryoma/Desktop/rails_tutorial/ventor/bundle/ruby/3.3.0/gems/io-console-0.8.0/ext/io/console
make DESTDIR\= sitearchdir\=./.gem.20241216-5628-vek51e sitelibdir\=./.gem.20241216-5628-vek51e
compiling console.c
linking shared-object io/console.bundle

current directory: /Users/ryoma/Desktop/rails_tutorial/ventor/bundle/ruby/3.3.0/gems/io-console-0.8.0/ext/io/console
make DESTDIR\= sitearchdir\=./.gem.20241216-5628-vek51e sitelibdir\=./.gem.20241216-5628-vek51e install
/usr/bin/install -c -m 0755 console.bundle ./.gem.20241216-5628-vek51e/io

current directory: /Users/ryoma/Desktop/rails_tutorial/ventor/bundle/ruby/3.3.0/gems/io-console-0.8.0/ext/io/console
make DESTDIR\= sitearchdir\=./.gem.20241216-5628-vek51e sitelibdir\=./.gem.20241216-5628-vek51e clean
