current directory: /Users/ryoma/Desktop/rails_tutorial/ventor/bundle/ruby/3.3.0/gems/date-3.4.1/ext/date
/Users/ryoma/.rbenv/versions/3.3.6/bin/ruby extconf.rb
checking for rb_category_warn()... yes
checking for timezone in time.h with  -Werror... yes
checking for altzone in time.h with  -Werror... no
creating Makefile

current directory: /Users/ryoma/Desktop/rails_tutorial/ventor/bundle/ruby/3.3.0/gems/date-3.4.1/ext/date
make DESTDIR\= sitearchdir\=./.gem.20241216-5628-vua8i8 sitelibdir\=./.gem.20241216-5628-vua8i8 clean

current directory: /Users/ryoma/Desktop/rails_tutorial/ventor/bundle/ruby/3.3.0/gems/date-3.4.1/ext/date
make DESTDIR\= sitearchdir\=./.gem.20241216-5628-vua8i8 sitelibdir\=./.gem.20241216-5628-vua8i8
compiling date_core.c
compiling date_parse.c
compiling date_strftime.c
compiling date_strptime.c
linking shared-object date_core.bundle

current directory: /Users/ryoma/Desktop/rails_tutorial/ventor/bundle/ruby/3.3.0/gems/date-3.4.1/ext/date
make DESTDIR\= sitearchdir\=./.gem.20241216-5628-vua8i8 sitelibdir\=./.gem.20241216-5628-vua8i8 install
/usr/bin/install -c -m 0755 date_core.bundle ./.gem.20241216-5628-vua8i8

current directory: /Users/ryoma/Desktop/rails_tutorial/ventor/bundle/ruby/3.3.0/gems/date-3.4.1/ext/date
make DESTDIR\= sitearchdir\=./.gem.20241216-5628-vua8i8 sitelibdir\=./.gem.20241216-5628-vua8i8 clean
