current directory: /Users/ryoma/Desktop/rails_tutorial/ventor/bundle/ruby/3.3.0/gems/ed25519-1.3.0/ext/ed25519_ref10
/Users/ryoma/.rbenv/versions/3.3.6/bin/ruby extconf.rb
creating Makefile

current directory: /Users/ryoma/Desktop/rails_tutorial/ventor/bundle/ruby/3.3.0/gems/ed25519-1.3.0/ext/ed25519_ref10
make DESTDIR\= sitearchdir\=./.gem.20241216-5628-azofnu sitelibdir\=./.gem.20241216-5628-azofnu clean

current directory: /Users/ryoma/Desktop/rails_tutorial/ventor/bundle/ruby/3.3.0/gems/ed25519-1.3.0/ext/ed25519_ref10
make DESTDIR\= sitearchdir\=./.gem.20241216-5628-azofnu sitelibdir\=./.gem.20241216-5628-azofnu
compiling ed25519_ref10.c
In file included from ed25519_ref10.c:1:
In file included from /Users/ryoma/.rbenv/versions/3.3.6/include/ruby-3.3.0/ruby.h:38:
In file included from /Users/ryoma/.rbenv/versions/3.3.6/include/ruby-3.3.0/ruby/ruby.h:27:
In file included from /Users/ryoma/.rbenv/versions/3.3.6/include/ruby-3.3.0/ruby/internal/anyargs.h:76:
/Users/ryoma/.rbenv/versions/3.3.6/include/ruby-3.3.0/ruby/internal/intern/class.h:301:60: warning: a function declaration without a prototype is deprecated in all versions of C [-Wstrict-prototypes]
void rb_define_method_id(VALUE klass, ID mid, VALUE (*func)(ANYARGS), int arity);
                                                           ^
                                                                   void
/Users/ryoma/.rbenv/versions/3.3.6/include/ruby-3.3.0/ruby/internal/intern/class.h:339:76: warning: a function declaration without a prototype is deprecated in all versions of C [-Wstrict-prototypes]
void rb_define_protected_method(VALUE klass, const char *mid, VALUE (*func)(ANYARGS), int arity);
                                                                           ^
                                                                                   void
/Users/ryoma/.rbenv/versions/3.3.6/include/ruby-3.3.0/ruby/internal/intern/class.h:352:74: warning: a function declaration without a prototype is deprecated in all versions of C [-Wstrict-prototypes]
void rb_define_private_method(VALUE klass, const char *mid, VALUE (*func)(ANYARGS), int arity);
                                                                         ^
                                                                                 void
/Users/ryoma/.rbenv/versions/3.3.6/include/ruby-3.3.0/ruby/internal/intern/class.h:365:73: warning: a function declaration without a prototype is deprecated in all versions of C [-Wstrict-prototypes]
void rb_define_singleton_method(VALUE obj, const char *mid, VALUE(*func)(ANYARGS), int arity);
                                                                        ^
                                                                                void
In file included from ed25519_ref10.c:1:
In file included from /Users/ryoma/.rbenv/versions/3.3.6/include/ruby-3.3.0/ruby.h:38:
In file included from /Users/ryoma/.rbenv/versions/3.3.6/include/ruby-3.3.0/ruby/ruby.h:27:
In file included from /Users/ryoma/.rbenv/versions/3.3.6/include/ruby-3.3.0/ruby/internal/anyargs.h:78:
/Users/ryoma/.rbenv/versions/3.3.6/include/ruby-3.3.0/ruby/internal/method.h:99:66: warning: a function declaration without a prototype is deprecated in all versions of C [-Wstrict-prototypes]
void rb_define_method(VALUE klass, const char *mid, VALUE (*func)(ANYARGS), int arity);
                                                                 ^
                                                                         void
/Users/ryoma/.rbenv/versions/3.3.6/include/ruby-3.3.0/ruby/internal/method.h:112:75: warning: a function declaration without a prototype is deprecated in all versions of C [-Wstrict-prototypes]
void rb_define_module_function(VALUE klass, const char *mid, VALUE (*func)(ANYARGS), int arity);
                                                                          ^
                                                                                  void
/Users/ryoma/.rbenv/versions/3.3.6/include/ruby-3.3.0/ruby/internal/method.h:124:62: warning: a function declaration without a prototype is deprecated in all versions of C [-Wstrict-prototypes]
void rb_define_global_function(const char *mid, VALUE (*func)(ANYARGS), int arity);
                                                             ^
                                                                     void
In file included from ed25519_ref10.c:1:
In file included from /Users/ryoma/.rbenv/versions/3.3.6/include/ruby-3.3.0/ruby.h:38:
In file included from /Users/ryoma/.rbenv/versions/3.3.6/include/ruby-3.3.0/ruby/ruby.h:27:
/Users/ryoma/.rbenv/versions/3.3.6/include/ruby-3.3.0/ruby/internal/anyargs.h:271:1: warning: a function declaration without a prototype is deprecated in all versions of C [-Wstrict-prototypes]
RBIMPL_ANYARGS_DECL(rb_define_singleton_method, VALUE, const char *)
^
/Users/ryoma/.rbenv/versions/3.3.6/include/ruby-3.3.0/ruby/internal/anyargs.h:252:73: note: expanded from macro 'RBIMPL_ANYARGS_DECL'
RBIMPL_ANYARGS_ATTRSET(sym) static void sym ## _m3(__VA_ARGS__, VALUE(*)(ANYARGS), int); \
                                                                        ^
/Users/ryoma/.rbenv/versions/3.3.6/include/ruby-3.3.0/ruby/internal/anyargs.h:272:1: warning: a function declaration without a prototype is deprecated in all versions of C [-Wstrict-prototypes]
RBIMPL_ANYARGS_DECL(rb_define_protected_method, VALUE, const char *)
^
/Users/ryoma/.rbenv/versions/3.3.6/include/ruby-3.3.0/ruby/internal/anyargs.h:252:73: note: expanded from macro 'RBIMPL_ANYARGS_DECL'
RBIMPL_ANYARGS_ATTRSET(sym) static void sym ## _m3(__VA_ARGS__, VALUE(*)(ANYARGS), int); \
                                                                        ^
/Users/ryoma/.rbenv/versions/3.3.6/include/ruby-3.3.0/ruby/internal/anyargs.h:273:1: warning: a function declaration without a prototype is deprecated in all versions of C [-Wstrict-prototypes]
RBIMPL_ANYARGS_DECL(rb_define_private_method, VALUE, const char *)
^
/Users/ryoma/.rbenv/versions/3.3.6/include/ruby-3.3.0/ruby/internal/anyargs.h:252:73: note: expanded from macro 'RBIMPL_ANYARGS_DECL'
RBIMPL_ANYARGS_ATTRSET(sym) static void sym ## _m3(__VA_ARGS__, VALUE(*)(ANYARGS), int); \
                                                                        ^
/Users/ryoma/.rbenv/versions/3.3.6/include/ruby-3.3.0/ruby/internal/anyargs.h:274:1: warning: a function declaration without a prototype is deprecated in all versions of C [-Wstrict-prototypes]
RBIMPL_ANYARGS_DECL(rb_define_module_function, VALUE, const char *)
^
/Users/ryoma/.rbenv/versions/3.3.6/include/ruby-3.3.0/ruby/internal/anyargs.h:252:73: note: expanded from macro 'RBIMPL_ANYARGS_DECL'
RBIMPL_ANYARGS_ATTRSET(sym) static void sym ## _m3(__VA_ARGS__, VALUE(*)(ANYARGS), int); \
                                                                        ^
/Users/ryoma/.rbenv/versions/3.3.6/include/ruby-3.3.0/ruby/internal/anyargs.h:275:1: warning: a function declaration without a prototype is deprecated in all versions of C [-Wstrict-prototypes]
RBIMPL_ANYARGS_DECL(rb_define_global_function, const char *)
^
/Users/ryoma/.rbenv/versions/3.3.6/include/ruby-3.3.0/ruby/internal/anyargs.h:252:73: note: expanded from macro 'RBIMPL_ANYARGS_DECL'
RBIMPL_ANYARGS_ATTRSET(sym) static void sym ## _m3(__VA_ARGS__, VALUE(*)(ANYARGS), int); \
                                                                        ^
/Users/ryoma/.rbenv/versions/3.3.6/include/ruby-3.3.0/ruby/internal/anyargs.h:276:1: warning: a function declaration without a prototype is deprecated in all versions of C [-Wstrict-prototypes]
RBIMPL_ANYARGS_DECL(rb_define_method_id, VALUE, ID)
^
/Users/ryoma/.rbenv/versions/3.3.6/include/ruby-3.3.0/ruby/internal/anyargs.h:252:73: note: expanded from macro 'RBIMPL_ANYARGS_DECL'
RBIMPL_ANYARGS_ATTRSET(sym) static void sym ## _m3(__VA_ARGS__, VALUE(*)(ANYARGS), int); \
                                                                        ^
/Users/ryoma/.rbenv/versions/3.3.6/include/ruby-3.3.0/ruby/internal/anyargs.h:277:1: warning: a function declaration without a prototype is deprecated in all versions of C [-Wstrict-prototypes]
RBIMPL_ANYARGS_DECL(rb_define_method, VALUE, const char *)
^
/Users/ryoma/.rbenv/versions/3.3.6/include/ruby-3.3.0/ruby/internal/anyargs.h:252:73: note: expanded from macro 'RBIMPL_ANYARGS_DECL'
RBIMPL_ANYARGS_ATTRSET(sym) static void sym ## _m3(__VA_ARGS__, VALUE(*)(ANYARGS), int); \
                                                                        ^
ed25519_ref10.c:12:24: warning: a function declaration without a prototype is deprecated in all versions of C [-Wstrict-prototypes]
void Init_ed25519_ref10()
                       ^
                        void
15 warnings generated.
compiling fe.c
compiling ge.c
compiling keypair.c
compiling open.c
compiling sc_muladd.c
compiling sc_reduce.c
compiling sha512.c
compiling sign.c
compiling verify.c
linking shared-object ed25519_ref10.bundle

current directory: /Users/ryoma/Desktop/rails_tutorial/ventor/bundle/ruby/3.3.0/gems/ed25519-1.3.0/ext/ed25519_ref10
make DESTDIR\= sitearchdir\=./.gem.20241216-5628-azofnu sitelibdir\=./.gem.20241216-5628-azofnu install
/usr/bin/install -c -m 0755 ed25519_ref10.bundle ./.gem.20241216-5628-azofnu

current directory: /Users/ryoma/Desktop/rails_tutorial/ventor/bundle/ruby/3.3.0/gems/ed25519-1.3.0/ext/ed25519_ref10
make DESTDIR\= sitearchdir\=./.gem.20241216-5628-azofnu sitelibdir\=./.gem.20241216-5628-azofnu clean
