find_header: checking for prism.h in /Users/ryoma/Desktop/rails_tutorial/ventor/bundle/ruby/3.3.0/gems/prism-1.2.0/include... -------------------- yes

DYLD_LIBRARY_PATH=.:/Users/ryoma/.rbenv/versions/3.3.6/lib "clang -o conftest -I/Users/ryoma/.rbenv/versions/3.3.6/include/ruby-3.3.0/arm64-darwin23 -I/Users/ryoma/.rbenv/versions/3.3.6/include/ruby-3.3.0/ruby/backward -I/Users/ryoma/.rbenv/versions/3.3.6/include/ruby-3.3.0 -I. -I/opt/homebrew/opt/openssl@3.0/include -I/opt/homebrew/opt/libyaml/include -I/opt/homebrew/opt/readline/include -D_XOPEN_SOURCE -D_DARWIN_C_SOURCE -D_DARWIN_UNLIMITED_SELECT -D_REENTRANT   -fdeclspec -O3 -fno-fast-math -ggdb3 -Wall -Wextra -Wextra-tokens -Wdeprecated-declarations -Wdivision-by-zero -Wdiv-by-zero -Wimplicit-function-declaration -Wimplicit-int -Wpointer-arith -Wshorten-64-to-32 -Wwrite-strings -Wold-style-definition -Wmissing-noreturn -Wno-cast-function-type -Wno-constant-logical-operand -Wno-long-long -Wno-missing-field-initializers -Wno-overlength-strings -Wno-parentheses-equality -Wno-self-assign -Wno-tautological-compare -Wno-unused-parameter -Wno-unused-value -Wunused-variable -Wmisleading-indentation -Wundef -fno-common -pipe conftest.c  -L. -L/Users/ryoma/.rbenv/versions/3.3.6/lib -L. -L/opt/homebrew/opt/openssl@3.0/lib -L/opt/homebrew/opt/libyaml/lib -L/opt/homebrew/opt/readline/lib -fstack-protector-strong -L/opt/homebrew/opt/gmp/lib  -arch arm64   -lruby.3.3  -lpthread  "
checked program was:
/* begin */
1: #include "ruby.h"
2: 
3: int main(int argc, char **argv)
4: {
5:   return !!argv[argc];
6: }
/* end */

DYLD_LIBRARY_PATH=.:/Users/ryoma/.rbenv/versions/3.3.6/lib "clang -I/Users/ryoma/.rbenv/versions/3.3.6/include/ruby-3.3.0/arm64-darwin23 -I/Users/ryoma/.rbenv/versions/3.3.6/include/ruby-3.3.0/ruby/backward -I/Users/ryoma/.rbenv/versions/3.3.6/include/ruby-3.3.0 -I. -I/opt/homebrew/opt/openssl@3.0/include -I/opt/homebrew/opt/libyaml/include -I/opt/homebrew/opt/readline/include -D_XOPEN_SOURCE -D_DARWIN_C_SOURCE -D_DARWIN_UNLIMITED_SELECT -D_REENTRANT   -fdeclspec -O3 -fno-fast-math -ggdb3 -Wall -Wextra -Wextra-tokens -Wdeprecated-declarations -Wdivision-by-zero -Wdiv-by-zero -Wimplicit-function-declaration -Wimplicit-int -Wpointer-arith -Wshorten-64-to-32 -Wwrite-strings -Wold-style-definition -Wmissing-noreturn -Wno-cast-function-type -Wno-constant-logical-operand -Wno-long-long -Wno-missing-field-initializers -Wno-overlength-strings -Wno-parentheses-equality -Wno-self-assign -Wno-tautological-compare -Wno-unused-parameter -Wno-unused-value -Wunused-variable -Wmisleading-indentation -Wundef -fno-common -pipe -arch arm64  -c conftest.c"
conftest.c:3:10: fatal error: 'prism.h' file not found
#include <prism.h>
         ^~~~~~~~~
1 error generated.
checked program was:
/* begin */
1: #include "ruby.h"
2: 
3: #include <prism.h>
/* end */

DYLD_LIBRARY_PATH=.:/Users/ryoma/.rbenv/versions/3.3.6/lib "clang -I/Users/ryoma/.rbenv/versions/3.3.6/include/ruby-3.3.0/arm64-darwin23 -I/Users/ryoma/.rbenv/versions/3.3.6/include/ruby-3.3.0/ruby/backward -I/Users/ryoma/.rbenv/versions/3.3.6/include/ruby-3.3.0 -I. -I/opt/homebrew/opt/openssl@3.0/include -I/opt/homebrew/opt/libyaml/include -I/opt/homebrew/opt/readline/include -D_XOPEN_SOURCE -D_DARWIN_C_SOURCE -D_DARWIN_UNLIMITED_SELECT -D_REENTRANT   -fdeclspec -O3 -fno-fast-math -ggdb3 -Wall -Wextra -Wextra-tokens -Wdeprecated-declarations -Wdivision-by-zero -Wdiv-by-zero -Wimplicit-function-declaration -Wimplicit-int -Wpointer-arith -Wshorten-64-to-32 -Wwrite-strings -Wold-style-definition -Wmissing-noreturn -Wno-cast-function-type -Wno-constant-logical-operand -Wno-long-long -Wno-missing-field-initializers -Wno-overlength-strings -Wno-parentheses-equality -Wno-self-assign -Wno-tautological-compare -Wno-unused-parameter -Wno-unused-value -Wunused-variable -Wmisleading-indentation -Wundef -fno-common -pipe -arch arm64 -I/Users/ryoma/Desktop/rails_tutorial/ventor/bundle/ruby/3.3.0/gems/prism-1.2.0/include -c conftest.c"
checked program was:
/* begin */
1: #include "ruby.h"
2: 
3: #include <prism.h>
/* end */

--------------------

find_header: checking for prism/extension.h in /Users/ryoma/Desktop/rails_tutorial/ventor/bundle/ruby/3.3.0/gems/prism-1.2.0/ext... -------------------- yes

DYLD_LIBRARY_PATH=.:/Users/ryoma/.rbenv/versions/3.3.6/lib "clang -I/Users/ryoma/.rbenv/versions/3.3.6/include/ruby-3.3.0/arm64-darwin23 -I/Users/ryoma/.rbenv/versions/3.3.6/include/ruby-3.3.0/ruby/backward -I/Users/ryoma/.rbenv/versions/3.3.6/include/ruby-3.3.0 -I. -I/Users/ryoma/Desktop/rails_tutorial/ventor/bundle/ruby/3.3.0/gems/prism-1.2.0/include -I/opt/homebrew/opt/openssl@3.0/include -I/opt/homebrew/opt/libyaml/include -I/opt/homebrew/opt/readline/include -D_XOPEN_SOURCE -D_DARWIN_C_SOURCE -D_DARWIN_UNLIMITED_SELECT -D_REENTRANT   -fdeclspec -O3 -fno-fast-math -ggdb3 -Wall -Wextra -Wextra-tokens -Wdeprecated-declarations -Wdivision-by-zero -Wdiv-by-zero -Wimplicit-function-declaration -Wimplicit-int -Wpointer-arith -Wshorten-64-to-32 -Wwrite-strings -Wold-style-definition -Wmissing-noreturn -Wno-cast-function-type -Wno-constant-logical-operand -Wno-long-long -Wno-missing-field-initializers -Wno-overlength-strings -Wno-parentheses-equality -Wno-self-assign -Wno-tautological-compare -Wno-unused-parameter -Wno-unused-value -Wunused-variable -Wmisleading-indentation -Wundef -fno-common -pipe -arch arm64  -c conftest.c"
conftest.c:3:10: fatal error: 'prism/extension.h' file not found
#include <prism/extension.h>
         ^~~~~~~~~~~~~~~~~~~
1 error generated.
checked program was:
/* begin */
1: #include "ruby.h"
2: 
3: #include <prism/extension.h>
/* end */

DYLD_LIBRARY_PATH=.:/Users/ryoma/.rbenv/versions/3.3.6/lib "clang -I/Users/ryoma/.rbenv/versions/3.3.6/include/ruby-3.3.0/arm64-darwin23 -I/Users/ryoma/.rbenv/versions/3.3.6/include/ruby-3.3.0/ruby/backward -I/Users/ryoma/.rbenv/versions/3.3.6/include/ruby-3.3.0 -I. -I/Users/ryoma/Desktop/rails_tutorial/ventor/bundle/ruby/3.3.0/gems/prism-1.2.0/include -I/opt/homebrew/opt/openssl@3.0/include -I/opt/homebrew/opt/libyaml/include -I/opt/homebrew/opt/readline/include -D_XOPEN_SOURCE -D_DARWIN_C_SOURCE -D_DARWIN_UNLIMITED_SELECT -D_REENTRANT   -fdeclspec -O3 -fno-fast-math -ggdb3 -Wall -Wextra -Wextra-tokens -Wdeprecated-declarations -Wdivision-by-zero -Wdiv-by-zero -Wimplicit-function-declaration -Wimplicit-int -Wpointer-arith -Wshorten-64-to-32 -Wwrite-strings -Wold-style-definition -Wmissing-noreturn -Wno-cast-function-type -Wno-constant-logical-operand -Wno-long-long -Wno-missing-field-initializers -Wno-overlength-strings -Wno-parentheses-equality -Wno-self-assign -Wno-tautological-compare -Wno-unused-parameter -Wno-unused-value -Wunused-variable -Wmisleading-indentation -Wundef -fno-common -pipe -arch arm64 -I/Users/ryoma/Desktop/rails_tutorial/ventor/bundle/ruby/3.3.0/gems/prism-1.2.0/ext -c conftest.c"
checked program was:
/* begin */
1: #include "ruby.h"
2: 
3: #include <prism/extension.h>
/* end */

--------------------

append_cflags: checking for whether -fvisibility=hidden is accepted as CFLAGS... -------------------- yes

DYLD_LIBRARY_PATH=.:/Users/ryoma/.rbenv/versions/3.3.6/lib "clang -I/Users/ryoma/.rbenv/versions/3.3.6/include/ruby-3.3.0/arm64-darwin23 -I/Users/ryoma/.rbenv/versions/3.3.6/include/ruby-3.3.0/ruby/backward -I/Users/ryoma/.rbenv/versions/3.3.6/include/ruby-3.3.0 -I. -I/Users/ryoma/Desktop/rails_tutorial/ventor/bundle/ruby/3.3.0/gems/prism-1.2.0/include -I/Users/ryoma/Desktop/rails_tutorial/ventor/bundle/ruby/3.3.0/gems/prism-1.2.0/ext -I/opt/homebrew/opt/openssl@3.0/include -I/opt/homebrew/opt/libyaml/include -I/opt/homebrew/opt/readline/include -D_XOPEN_SOURCE -D_DARWIN_C_SOURCE -D_DARWIN_UNLIMITED_SELECT -D_REENTRANT   -fdeclspec -O3 -fno-fast-math -ggdb3 -Wall -Wextra -Wextra-tokens -Wdeprecated-declarations -Wdivision-by-zero -Wdiv-by-zero -Wimplicit-function-declaration -Wimplicit-int -Wpointer-arith -Wshorten-64-to-32 -Wwrite-strings -Wold-style-definition -Wmissing-noreturn -Wno-cast-function-type -Wno-constant-logical-operand -Wno-long-long -Wno-missing-field-initializers -Wno-overlength-strings -Wno-parentheses-equality -Wno-self-assign -Wno-tautological-compare -Wno-unused-parameter -Wno-unused-value -Wunused-variable -Wmisleading-indentation -Wundef -fno-common -pipe -arch arm64 -fvisibility=hidden -Werror -c conftest.c"
checked program was:
/* begin */
1: #include "ruby.h"
2: 
3: int main(int argc, char **argv)
4: {
5:   return !!argv[argc];
6: }
/* end */

--------------------

